d:\github work\loadertemplate\loadertemplate\loadertemplate\x64\debug\vc142.pdb
d:\github work\loadertemplate\loadertemplate\loadertemplate\x64\debug\vc142.idb
d:\github work\loadertemplate\loadertemplate\loadertemplate\x64\debug\utils.obj
d:\github work\loadertemplate\loadertemplate\loadertemplate\x64\debug\utils_t.obj
d:\github work\loadertemplate\loadertemplate\loadertemplate\x64\debug\service.obj
d:\github work\loadertemplate\loadertemplate\loadertemplate\x64\debug\portable_executable.obj
d:\github work\loadertemplate\loadertemplate\loadertemplate\x64\debug\kdmapper.obj
d:\github work\loadertemplate\loadertemplate\loadertemplate\x64\debug\intel_driver.obj
d:\github work\loadertemplate\loadertemplate\loadertemplate\x64\debug\main.obj
d:\github work\loadertemplate\loadertemplate\loadertemplate\x64\debug\imgui_widgets.obj
d:\github work\loadertemplate\loadertemplate\loadertemplate\x64\debug\imgui_tables.obj
d:\github work\loadertemplate\loadertemplate\loadertemplate\x64\debug\imgui_impl_win32.obj
d:\github work\loadertemplate\loadertemplate\loadertemplate\x64\debug\imgui_impl_dx9.obj
d:\github work\loadertemplate\loadertemplate\loadertemplate\x64\debug\imgui_draw.obj
d:\github work\loadertemplate\loadertemplate\loadertemplate\x64\debug\imgui_demo.obj
d:\github work\loadertemplate\loadertemplate\loadertemplate\x64\debug\imgui.obj
d:\github work\loadertemplate\loadertemplate\x64\debug\loadertemplate.pdb
d:\github work\loadertemplate\loadertemplate\loadertemplate\x64\debug\loadertemplate.tlog\cl.command.1.tlog
d:\github work\loadertemplate\loadertemplate\loadertemplate\x64\debug\loadertemplate.tlog\cl.read.1.tlog
d:\github work\loadertemplate\loadertemplate\loadertemplate\x64\debug\loadertemplate.tlog\cl.write.1.tlog
d:\github work\loadertemplate\loadertemplate\loadertemplate\x64\debug\loadertemplate.tlog\link-cvtres.read.1.tlog
d:\github work\loadertemplate\loadertemplate\loadertemplate\x64\debug\loadertemplate.tlog\link-cvtres.write.1.tlog
d:\github work\loadertemplate\loadertemplate\loadertemplate\x64\debug\loadertemplate.tlog\link-rc.read.1.tlog
d:\github work\loadertemplate\loadertemplate\loadertemplate\x64\debug\loadertemplate.tlog\link-rc.write.1.tlog
d:\github work\loadertemplate\loadertemplate\loadertemplate\x64\debug\loadertemplate.tlog\link.command.1.tlog
d:\github work\loadertemplate\loadertemplate\loadertemplate\x64\debug\loadertemplate.tlog\link.read.1.tlog
d:\github work\loadertemplate\loadertemplate\loadertemplate\x64\debug\loadertemplate.tlog\link.write.1.tlog
